
ROM used:   90/8192 (1%)
            90/8192 (1%) including unused fragments

            0.1 Average locations per line
            10.0 Average locations per statement

RAM used:   9/368 (2%) at main() level
            9/368 (2%) worst case

Stack used: 0 worst case (0 in main + 0 for interrupts)
Stack size: 8

Lines Stmts  %   Files
----- ----- ---  -----
   22     9 100  led.c
  708     0   0  ..\..\..\..\..\..\..\..\..\..\Program Files (x86)\PICC\Devices\16F877A.h
----- -----
  730     9 Total

Page ROM  %  RAM    Vol Diff  Functions:
---- --- --- ---    --- ----  ----------
0     86  96    3    195  3.6  main
 Inline         0     86  1.6  @cinit1

Program metrics:
    Functions               2
    Statements              9
    Comments                128
    Volume (V)              340
    Difficulty (D)          5.2
    Effort to implement (E) 1767
    Time to implement (T)   2 minutes
    Est Delivered Bugs (B)  0
    Cyclomatic Complexity   1
    Maintainability (MI)    111

 Segment     Used  Free
-----------  ----  ----
00000-00003     4  0  
00004-007FF    86  1958  
00800-00FFF     0  2048  
01000-017FF     0  2048  
01800-01FFF     0  2048  



