
ROM used:   183/8192 (2%)
            183/8192 (2%) including unused fragments

            0.2 Average locations per line
            6.3 Average locations per statement

RAM used:   13/368 (4%) at main() level
            15/368 (4%) worst case

Stack used: 4 worst case (2 in main + 2 for interrupts)
Stack size: 8

Lines Stmts  %   Files
----- ----- ---  -----
   65    29 100  semaforo-inteligente.c
  708     0   0  ..\..\..\..\..\..\..\..\..\..\..\Program Files (x86)\PICC\Devices\16F877A.h
----- -----
  773    29 Total

Page ROM  %  RAM    Vol Diff  Functions:
---- --- --- ---    --- ----  ----------
0     25  14    0    106  1.3  apagar_todos_leds
 Inline         1    412  3.7  encenderLedsPorComando
0     74  40    1     40  1.7  i2c_isr
0     35  19    0     48  1.4  MAIN
 Inline         0     48  1.4  @cinit1

Program metrics:
    Functions               5
    Statements              29
    Comments                133
    Volume (V)              930
    Difficulty (D)          9.9
    Effort to implement (E) 9216
    Time to implement (T)   9 minutes
    Est Delivered Bugs (B)  0
    Cyclomatic Complexity   5
    Maintainability (MI)    165

 Segment     Used  Free
-----------  ----  ----
00000-00003     4  0  
00004-00030    45  0  
00031-007FF   134  1865  
00800-00FFF     0  2048  
01000-017FF     0  2048  
01800-01FFF     0  2048  



